16-May-2021 16:56:56.838 INFO [main] org.apache.catalina.core.ApplicationContext.log ContextListener: contextInitialized()
16-May-2021 16:56:56.839 INFO [main] org.apache.catalina.core.ApplicationContext.log SessionListener: contextInitialized()
16-May-2021 16:56:56.840 INFO [main] org.apache.catalina.core.ApplicationContext.log ContextListener: attributeAdded('StockTicker', 'async.Stockticker@7561db12')
16-May-2021 17:06:15.210 INFO [main] org.apache.catalina.core.ApplicationContext.log SessionListener: contextDestroyed()
16-May-2021 17:06:15.210 INFO [main] org.apache.catalina.core.ApplicationContext.log ContextListener: contextDestroyed()
16-May-2021 17:06:21.887 INFO [main] org.apache.catalina.core.ApplicationContext.log ContextListener: contextInitialized()
16-May-2021 17:06:21.887 INFO [main] org.apache.catalina.core.ApplicationContext.log SessionListener: contextInitialized()
16-May-2021 17:06:21.889 INFO [main] org.apache.catalina.core.ApplicationContext.log ContextListener: attributeAdded('StockTicker', 'async.Stockticker@4fe01803')
16-May-2021 17:11:30.292 INFO [main] org.apache.catalina.core.ApplicationContext.log ContextListener: contextInitialized()
16-May-2021 17:11:30.292 INFO [main] org.apache.catalina.core.ApplicationContext.log SessionListener: contextInitialized()
16-May-2021 17:11:30.294 INFO [main] org.apache.catalina.core.ApplicationContext.log ContextListener: attributeAdded('StockTicker', 'async.Stockticker@736ac09a')
16-May-2021 17:11:30.372 INFO [main] org.apache.catalina.core.ApplicationContext.log SessionListener: contextDestroyed()
16-May-2021 17:11:30.372 INFO [main] org.apache.catalina.core.ApplicationContext.log ContextListener: contextDestroyed()
16-May-2021 17:11:30.926 INFO [main] org.apache.catalina.core.ApplicationContext.log SessionListener: contextDestroyed()
16-May-2021 17:11:30.926 INFO [main] org.apache.catalina.core.ApplicationContext.log ContextListener: contextDestroyed()
16-May-2021 17:11:34.421 INFO [main] org.apache.catalina.core.ApplicationContext.log ContextListener: contextInitialized()
16-May-2021 17:11:34.421 INFO [main] org.apache.catalina.core.ApplicationContext.log SessionListener: contextInitialized()
16-May-2021 17:11:34.424 INFO [main] org.apache.catalina.core.ApplicationContext.log ContextListener: attributeAdded('StockTicker', 'async.Stockticker@69ce2f62')
16-May-2021 17:15:50.641 INFO [main] org.apache.catalina.core.ApplicationContext.log SessionListener: contextDestroyed()
16-May-2021 17:15:50.641 INFO [main] org.apache.catalina.core.ApplicationContext.log ContextListener: contextDestroyed()
16-May-2021 17:15:54.594 INFO [main] org.apache.catalina.core.ApplicationContext.log ContextListener: contextInitialized()
16-May-2021 17:15:54.594 INFO [main] org.apache.catalina.core.ApplicationContext.log SessionListener: contextInitialized()
16-May-2021 17:15:54.597 INFO [main] org.apache.catalina.core.ApplicationContext.log ContextListener: attributeAdded('StockTicker', 'async.Stockticker@732bb66d')
16-May-2021 17:16:06.383 INFO [main] org.apache.catalina.core.ApplicationContext.log SessionListener: contextDestroyed()
16-May-2021 17:16:06.384 INFO [main] org.apache.catalina.core.ApplicationContext.log ContextListener: contextDestroyed()
16-May-2021 17:16:10.431 INFO [main] org.apache.catalina.core.ApplicationContext.log ContextListener: contextInitialized()
16-May-2021 17:16:10.432 INFO [main] org.apache.catalina.core.ApplicationContext.log SessionListener: contextInitialized()
16-May-2021 17:16:10.433 INFO [main] org.apache.catalina.core.ApplicationContext.log ContextListener: attributeAdded('StockTicker', 'async.Stockticker@45f24169')
16-May-2021 17:21:49.712 INFO [main] org.apache.catalina.core.ApplicationContext.log SessionListener: contextDestroyed()
16-May-2021 17:21:49.712 INFO [main] org.apache.catalina.core.ApplicationContext.log ContextListener: contextDestroyed()
16-May-2021 17:21:54.058 INFO [main] org.apache.catalina.core.ApplicationContext.log ContextListener: contextInitialized()
16-May-2021 17:21:54.058 INFO [main] org.apache.catalina.core.ApplicationContext.log SessionListener: contextInitialized()
16-May-2021 17:21:54.060 INFO [main] org.apache.catalina.core.ApplicationContext.log ContextListener: attributeAdded('StockTicker', 'async.Stockticker@47c64cfe')
16-May-2021 17:24:51.158 INFO [main] org.apache.catalina.core.ApplicationContext.log SessionListener: contextDestroyed()
16-May-2021 17:24:51.158 INFO [main] org.apache.catalina.core.ApplicationContext.log ContextListener: contextDestroyed()
16-May-2021 17:24:58.629 INFO [main] org.apache.catalina.core.ApplicationContext.log ContextListener: contextInitialized()
16-May-2021 17:24:58.629 INFO [main] org.apache.catalina.core.ApplicationContext.log SessionListener: contextInitialized()
16-May-2021 17:24:58.631 INFO [main] org.apache.catalina.core.ApplicationContext.log ContextListener: attributeAdded('StockTicker', 'async.Stockticker@2e52fb3e')
16-May-2021 17:26:38.251 INFO [main] org.apache.catalina.core.ApplicationContext.log SessionListener: contextDestroyed()
16-May-2021 17:26:38.251 INFO [main] org.apache.catalina.core.ApplicationContext.log ContextListener: contextDestroyed()
16-May-2021 17:26:42.541 INFO [main] org.apache.catalina.core.ApplicationContext.log ContextListener: contextInitialized()
16-May-2021 17:26:42.541 INFO [main] org.apache.catalina.core.ApplicationContext.log SessionListener: contextInitialized()
16-May-2021 17:26:42.544 INFO [main] org.apache.catalina.core.ApplicationContext.log ContextListener: attributeAdded('StockTicker', 'async.Stockticker@1dab9dd6')
16-May-2021 17:27:29.778 INFO [main] org.apache.catalina.core.ApplicationContext.log SessionListener: contextDestroyed()
16-May-2021 17:27:29.778 INFO [main] org.apache.catalina.core.ApplicationContext.log ContextListener: contextDestroyed()
16-May-2021 17:27:33.442 INFO [main] org.apache.catalina.core.ApplicationContext.log ContextListener: contextInitialized()
16-May-2021 17:27:33.442 INFO [main] org.apache.catalina.core.ApplicationContext.log SessionListener: contextInitialized()
16-May-2021 17:27:33.444 INFO [main] org.apache.catalina.core.ApplicationContext.log ContextListener: attributeAdded('StockTicker', 'async.Stockticker@48ea2003')
16-May-2021 17:29:20.043 INFO [main] org.apache.catalina.core.ApplicationContext.log SessionListener: contextDestroyed()
16-May-2021 17:29:20.044 INFO [main] org.apache.catalina.core.ApplicationContext.log ContextListener: contextDestroyed()
16-May-2021 17:29:45.782 INFO [main] org.apache.catalina.core.ApplicationContext.log ContextListener: contextInitialized()
16-May-2021 17:29:45.782 INFO [main] org.apache.catalina.core.ApplicationContext.log SessionListener: contextInitialized()
16-May-2021 17:29:45.784 INFO [main] org.apache.catalina.core.ApplicationContext.log ContextListener: attributeAdded('StockTicker', 'async.Stockticker@67a056f1')
16-May-2021 17:30:00.623 INFO [main] org.apache.catalina.core.ApplicationContext.log SessionListener: contextDestroyed()
16-May-2021 17:30:00.623 INFO [main] org.apache.catalina.core.ApplicationContext.log ContextListener: contextDestroyed()
16-May-2021 17:30:04.715 INFO [main] org.apache.catalina.core.ApplicationContext.log ContextListener: contextInitialized()
16-May-2021 17:30:04.716 INFO [main] org.apache.catalina.core.ApplicationContext.log SessionListener: contextInitialized()
16-May-2021 17:30:04.718 INFO [main] org.apache.catalina.core.ApplicationContext.log ContextListener: attributeAdded('StockTicker', 'async.Stockticker@62ddd21b')
16-May-2021 22:02:58.441 INFO [Catalina-utility-2] org.apache.catalina.core.ApplicationContext.log SessionListener: contextDestroyed()
16-May-2021 22:02:58.441 INFO [Catalina-utility-2] org.apache.catalina.core.ApplicationContext.log ContextListener: contextDestroyed()
